[debug] [2025-05-09T09:50:53.727Z] ----------------------------------------------------------------------
[debug] [2025-05-09T09:50:53.729Z] Command:       C:\Program Files\nodejs\node.exe C:\Users\abils\AppData\Roaming\npm\node_modules\firebase-tools\lib\bin\firebase.js init
[debug] [2025-05-09T09:50:53.730Z] CLI Version:   13.34.0
[debug] [2025-05-09T09:50:53.730Z] Platform:      win32
[debug] [2025-05-09T09:50:53.730Z] Node Version:  v20.18.3
[debug] [2025-05-09T09:50:53.730Z] Time:          Fri May 09 2025 12:50:53 GMT+0300 (Eastern European Summer Time)
[debug] [2025-05-09T09:50:53.730Z] ----------------------------------------------------------------------
[debug] 
[debug] [2025-05-09T09:50:53.735Z] >>> [apiv2][query] GET https://firebase-public.firebaseio.com/cli.json [none]
[debug] [2025-05-09T09:50:53.787Z] > command requires scopes: ["email","openid","https://www.googleapis.com/auth/cloudplatformprojects.readonly","https://www.googleapis.com/auth/firebase","https://www.googleapis.com/auth/cloud-platform"]
[debug] [2025-05-09T09:50:53.787Z] > authorizing via signed-in user (abilsebastian192@gmail.com)
[info] 
     ######## #### ########  ######## ########     ###     ######  ########
     ##        ##  ##     ## ##       ##     ##  ##   ##  ##       ##
     ######    ##  ########  ######   ########  #########  ######  ######
     ##        ##  ##    ##  ##       ##     ## ##     ##       ## ##
     ##       #### ##     ## ######## ########  ##     ##  ######  ########

You're about to initialize a Firebase project in this directory:

  C:\Users\abils\Lapas_clone\Evaluator_tool

[debug] [2025-05-09T09:50:54.161Z] <<< [apiv2][status] GET https://firebase-public.firebaseio.com/cli.json 200
[debug] [2025-05-09T09:50:54.162Z] <<< [apiv2][body] GET https://firebase-public.firebaseio.com/cli.json {"cloudBuildErrorAfter":1594252800000,"cloudBuildWarnAfter":1590019200000,"defaultNode10After":1594252800000,"minVersion":"3.0.5","node8DeploysDisabledAfter":1613390400000,"node8RuntimeDisabledAfter":1615809600000,"node8WarnAfter":1600128000000}
[info] 
=== Project Setup
[info] 
[info] First, let's associate this project directory with a Firebase project.
[info] You can create multiple project aliases by running firebase use --add, 
[info] but for now we'll just set up a default project.
[info] 
[debug] [2025-05-09T09:53:00.838Z] Checked if tokens are valid: false, expires at: 1746018632199
[debug] [2025-05-09T09:53:00.838Z] Checked if tokens are valid: false, expires at: 1746018632199
[debug] [2025-05-09T09:53:00.838Z] > refreshing access token with scopes: []
[debug] [2025-05-09T09:53:00.839Z] >>> [apiv2][query] POST https://www.googleapis.com/oauth2/v3/token [none]
[debug] [2025-05-09T09:53:00.839Z] >>> [apiv2][body] POST https://www.googleapis.com/oauth2/v3/token [omitted]
[debug] [2025-05-09T09:53:01.029Z] <<< [apiv2][status] POST https://www.googleapis.com/oauth2/v3/token 200
[debug] [2025-05-09T09:53:01.029Z] <<< [apiv2][body] POST https://www.googleapis.com/oauth2/v3/token [omitted]
[debug] [2025-05-09T09:53:01.035Z] >>> [apiv2][query] GET https://firebase.googleapis.com/v1beta1/projects pageSize=100
[debug] [2025-05-09T09:53:01.529Z] <<< [apiv2][status] GET https://firebase.googleapis.com/v1beta1/projects 200
[debug] [2025-05-09T09:53:01.529Z] <<< [apiv2][body] GET https://firebase.googleapis.com/v1beta1/projects [omitted]
[info] i  Using project lapas-b6315 (LAPAS) 
[info] 
=== Firestore Setup
[debug] [2025-05-09T09:53:03.897Z] Checked if tokens are valid: true, expires at: 1746787980029
[debug] [2025-05-09T09:53:03.897Z] Checked if tokens are valid: true, expires at: 1746787980029
[debug] [2025-05-09T09:53:03.898Z] >>> [apiv2][query] GET https://serviceusage.googleapis.com/v1/projects/lapas-b6315/services/firestore.googleapis.com [none]
[debug] [2025-05-09T09:53:03.898Z] >>> [apiv2][(partial)header] GET https://serviceusage.googleapis.com/v1/projects/lapas-b6315/services/firestore.googleapis.com x-goog-quota-user=projects/lapas-b6315
[debug] [2025-05-09T09:53:05.006Z] <<< [apiv2][status] GET https://serviceusage.googleapis.com/v1/projects/lapas-b6315/services/firestore.googleapis.com 200
[debug] [2025-05-09T09:53:05.007Z] <<< [apiv2][body] GET https://serviceusage.googleapis.com/v1/projects/lapas-b6315/services/firestore.googleapis.com [omitted]
[debug] [2025-05-09T09:53:05.007Z] Checked if tokens are valid: true, expires at: 1746787980029
[debug] [2025-05-09T09:53:05.007Z] Checked if tokens are valid: true, expires at: 1746787980029
[debug] [2025-05-09T09:53:05.007Z] >>> [apiv2][query] GET https://firestore.googleapis.com/v1/projects/lapas-b6315/databases/(default) [none]
[debug] [2025-05-09T09:53:05.347Z] <<< [apiv2][status] GET https://firestore.googleapis.com/v1/projects/lapas-b6315/databases/(default) 200
[debug] [2025-05-09T09:53:05.347Z] <<< [apiv2][body] GET https://firestore.googleapis.com/v1/projects/lapas-b6315/databases/(default) {"name":"projects/lapas-b6315/databases/(default)","uid":"2a3f50db-ee0c-4513-8d31-f20af1cc7bf6","createTime":"2025-03-11T09:15:08.418750Z","updateTime":"2025-03-11T09:15:08.418750Z","locationId":"eur3","type":"FIRESTORE_NATIVE","concurrencyMode":"PESSIMISTIC","versionRetentionPeriod":"3600s","earliestVersionTime":"2025-05-09T08:53:04.709961Z","appEngineIntegrationMode":"DISABLED","keyPrefix":"e","pointInTimeRecoveryEnablement":"POINT_IN_TIME_RECOVERY_DISABLED","deleteProtectionState":"DELETE_PROTECTION_DISABLED","databaseEdition":"STANDARD","freeTier":true,"etag":"IJrm//WOlo0DMLDEms7YgYwD"}
[debug] [2025-05-09T09:53:05.347Z] database_type: FIRESTORE_NATIVE
[debug] [2025-05-09T09:53:05.347Z] database_type: FIRESTORE_NATIVE
[debug] [2025-05-09T09:53:05.347Z] > command requires scopes: ["email","openid","https://www.googleapis.com/auth/cloudplatformprojects.readonly","https://www.googleapis.com/auth/firebase","https://www.googleapis.com/auth/cloud-platform"]
[debug] [2025-05-09T09:53:05.347Z] > authorizing via signed-in user (abilsebastian192@gmail.com)
[debug] [2025-05-09T09:53:05.347Z] [iam] checking project lapas-b6315 for permissions ["firebase.projects.get"]
[debug] [2025-05-09T09:53:05.347Z] Checked if tokens are valid: true, expires at: 1746787980029
[debug] [2025-05-09T09:53:05.348Z] Checked if tokens are valid: true, expires at: 1746787980029
[debug] [2025-05-09T09:53:05.348Z] >>> [apiv2][query] POST https://cloudresourcemanager.googleapis.com/v1/projects/lapas-b6315:testIamPermissions [none]
[debug] [2025-05-09T09:53:05.348Z] >>> [apiv2][(partial)header] POST https://cloudresourcemanager.googleapis.com/v1/projects/lapas-b6315:testIamPermissions x-goog-quota-user=projects/lapas-b6315
[debug] [2025-05-09T09:53:05.348Z] >>> [apiv2][body] POST https://cloudresourcemanager.googleapis.com/v1/projects/lapas-b6315:testIamPermissions {"permissions":["firebase.projects.get"]}
[debug] [2025-05-09T09:53:06.210Z] <<< [apiv2][status] POST https://cloudresourcemanager.googleapis.com/v1/projects/lapas-b6315:testIamPermissions 200
[debug] [2025-05-09T09:53:06.210Z] <<< [apiv2][body] POST https://cloudresourcemanager.googleapis.com/v1/projects/lapas-b6315:testIamPermissions {"permissions":["firebase.projects.get"]}
[info] 
[info] Firestore Security Rules allow you to define how and when to allow
[info] requests. You can keep these rules in your project directory
[info] and publish them with firebase deploy.
[info] 
[debug] [2025-05-09T09:53:09.958Z] Checked if tokens are valid: true, expires at: 1746787980029
[debug] [2025-05-09T09:53:09.958Z] Checked if tokens are valid: true, expires at: 1746787980029
[debug] [2025-05-09T09:53:09.958Z] >>> [apiv2][query] GET https://firebaserules.googleapis.com/v1/projects/lapas-b6315/releases pageSize=10&pageToken=
[debug] [2025-05-09T09:53:10.837Z] <<< [apiv2][status] GET https://firebaserules.googleapis.com/v1/projects/lapas-b6315/releases 200
[debug] [2025-05-09T09:53:10.837Z] <<< [apiv2][body] GET https://firebaserules.googleapis.com/v1/projects/lapas-b6315/releases {"releases":[{"name":"projects/lapas-b6315/releases/cloud.firestore","rulesetName":"projects/lapas-b6315/rulesets/9083cdb9-71b8-4900-9a37-0acad170e379","createTime":"2025-03-11T09:15:13.003480Z","updateTime":"2025-05-03T14:23:58.018579Z"},{"name":"projects/lapas-b6315/releases/firebase.storage/lapas-b6315.firebasestorage.app","rulesetName":"projects/lapas-b6315/rulesets/e77fdff3-745e-4d7b-b39c-5d4f9f1a048e","createTime":"2025-03-16T10:34:57.079834Z","updateTime":"2025-03-16T10:40:00.465124Z"}]}
[debug] [2025-05-09T09:53:10.837Z] Found ruleset: projects/lapas-b6315/rulesets/9083cdb9-71b8-4900-9a37-0acad170e379
[debug] [2025-05-09T09:53:10.837Z] Checked if tokens are valid: true, expires at: 1746787980029
[debug] [2025-05-09T09:53:10.837Z] Checked if tokens are valid: true, expires at: 1746787980029
[debug] [2025-05-09T09:53:10.837Z] >>> [apiv2][query] GET https://firebaserules.googleapis.com/v1/projects/lapas-b6315/rulesets/9083cdb9-71b8-4900-9a37-0acad170e379 [none]
[debug] [2025-05-09T09:53:11.062Z] <<< [apiv2][status] GET https://firebaserules.googleapis.com/v1/projects/lapas-b6315/rulesets/9083cdb9-71b8-4900-9a37-0acad170e379 200
[debug] [2025-05-09T09:53:11.062Z] <<< [apiv2][body] GET https://firebaserules.googleapis.com/v1/projects/lapas-b6315/rulesets/9083cdb9-71b8-4900-9a37-0acad170e379 [omitted]
[info] 
[info] Firestore indexes allow you to perform complex queries while
[info] maintaining performance that scales with the size of the result
[info] set. You can keep index definitions in your project directory
[info] and publish them with firebase deploy.
[info] 
[debug] [2025-05-09T09:53:13.496Z] Checked if tokens are valid: true, expires at: 1746787980029
[debug] [2025-05-09T09:53:13.496Z] Checked if tokens are valid: true, expires at: 1746787980029
[debug] [2025-05-09T09:53:13.496Z] Checked if tokens are valid: true, expires at: 1746787980029
[debug] [2025-05-09T09:53:13.496Z] Checked if tokens are valid: true, expires at: 1746787980029
[debug] [2025-05-09T09:53:13.497Z] >>> [apiv2][query] GET https://firestore.googleapis.com/v1/projects/lapas-b6315/databases/(default)/collectionGroups/-/indexes [none]
[debug] [2025-05-09T09:53:13.499Z] >>> [apiv2][query] GET https://firestore.googleapis.com/v1/projects/lapas-b6315/databases/(default)/collectionGroups/-/fields?filter=indexConfig.usesAncestorConfig=false OR ttlConfig:* [none]
[debug] [2025-05-09T09:53:13.828Z] <<< [apiv2][status] GET https://firestore.googleapis.com/v1/projects/lapas-b6315/databases/(default)/collectionGroups/-/fields?filter=indexConfig.usesAncestorConfig=false OR ttlConfig:* 200
[debug] [2025-05-09T09:53:13.828Z] <<< [apiv2][body] GET https://firestore.googleapis.com/v1/projects/lapas-b6315/databases/(default)/collectionGroups/-/fields?filter=indexConfig.usesAncestorConfig=false OR ttlConfig:* {"fields":[{"name":"projects/lapas-b6315/databases/(default)/collectionGroups/__default__/fields/*","indexConfig":{"indexes":[{"queryScope":"COLLECTION","fields":[{"fieldPath":"*","order":"ASCENDING"}],"state":"READY"},{"queryScope":"COLLECTION","fields":[{"fieldPath":"*","order":"DESCENDING"}],"state":"READY"},{"queryScope":"COLLECTION","fields":[{"fieldPath":"*","arrayConfig":"CONTAINS"}],"state":"READY"}]}}]}
[debug] [2025-05-09T09:53:13.831Z] <<< [apiv2][status] GET https://firestore.googleapis.com/v1/projects/lapas-b6315/databases/(default)/collectionGroups/-/indexes 200
[debug] [2025-05-09T09:53:13.831Z] <<< [apiv2][body] GET https://firestore.googleapis.com/v1/projects/lapas-b6315/databases/(default)/collectionGroups/-/indexes {}
[info] 
=== Functions Setup
[debug] [2025-05-09T09:53:13.833Z] > command requires scopes: ["email","openid","https://www.googleapis.com/auth/cloudplatformprojects.readonly","https://www.googleapis.com/auth/firebase","https://www.googleapis.com/auth/cloud-platform"]
[debug] [2025-05-09T09:53:13.834Z] > authorizing via signed-in user (abilsebastian192@gmail.com)
[debug] [2025-05-09T09:53:13.834Z] [iam] checking project lapas-b6315 for permissions ["firebase.projects.get"]
[debug] [2025-05-09T09:53:13.834Z] Checked if tokens are valid: true, expires at: 1746787980029
[debug] [2025-05-09T09:53:13.834Z] Checked if tokens are valid: true, expires at: 1746787980029
[debug] [2025-05-09T09:53:13.834Z] >>> [apiv2][query] POST https://cloudresourcemanager.googleapis.com/v1/projects/lapas-b6315:testIamPermissions [none]
[debug] [2025-05-09T09:53:13.834Z] >>> [apiv2][(partial)header] POST https://cloudresourcemanager.googleapis.com/v1/projects/lapas-b6315:testIamPermissions x-goog-quota-user=projects/lapas-b6315
[debug] [2025-05-09T09:53:13.834Z] >>> [apiv2][body] POST https://cloudresourcemanager.googleapis.com/v1/projects/lapas-b6315:testIamPermissions {"permissions":["firebase.projects.get"]}
[debug] [2025-05-09T09:53:14.118Z] <<< [apiv2][status] POST https://cloudresourcemanager.googleapis.com/v1/projects/lapas-b6315:testIamPermissions 200
[debug] [2025-05-09T09:53:14.118Z] <<< [apiv2][body] POST https://cloudresourcemanager.googleapis.com/v1/projects/lapas-b6315:testIamPermissions {"permissions":["firebase.projects.get"]}
[debug] [2025-05-09T09:53:14.118Z] Checked if tokens are valid: true, expires at: 1746787980029
[debug] [2025-05-09T09:53:14.118Z] Checked if tokens are valid: true, expires at: 1746787980029
[debug] [2025-05-09T09:53:14.118Z] Checked if tokens are valid: true, expires at: 1746787980029
[debug] [2025-05-09T09:53:14.119Z] Checked if tokens are valid: true, expires at: 1746787980029
[debug] [2025-05-09T09:53:14.119Z] >>> [apiv2][query] GET https://serviceusage.googleapis.com/v1/projects/lapas-b6315/services/cloudfunctions.googleapis.com [none]
[debug] [2025-05-09T09:53:14.119Z] >>> [apiv2][(partial)header] GET https://serviceusage.googleapis.com/v1/projects/lapas-b6315/services/cloudfunctions.googleapis.com x-goog-quota-user=projects/lapas-b6315
[debug] [2025-05-09T09:53:14.121Z] >>> [apiv2][query] GET https://serviceusage.googleapis.com/v1/projects/lapas-b6315/services/runtimeconfig.googleapis.com [none]
[debug] [2025-05-09T09:53:14.121Z] >>> [apiv2][(partial)header] GET https://serviceusage.googleapis.com/v1/projects/lapas-b6315/services/runtimeconfig.googleapis.com x-goog-quota-user=projects/lapas-b6315
[debug] [2025-05-09T09:53:15.148Z] <<< [apiv2][status] GET https://serviceusage.googleapis.com/v1/projects/lapas-b6315/services/runtimeconfig.googleapis.com 200
[debug] [2025-05-09T09:53:15.149Z] <<< [apiv2][body] GET https://serviceusage.googleapis.com/v1/projects/lapas-b6315/services/runtimeconfig.googleapis.com [omitted]
[debug] [2025-05-09T09:53:15.172Z] <<< [apiv2][status] GET https://serviceusage.googleapis.com/v1/projects/lapas-b6315/services/cloudfunctions.googleapis.com 200
[debug] [2025-05-09T09:53:15.172Z] <<< [apiv2][body] GET https://serviceusage.googleapis.com/v1/projects/lapas-b6315/services/cloudfunctions.googleapis.com [omitted]
[info] Let's create a new codebase for your functions.
[info] A directory corresponding to the codebase will be created in your project
[info] with sample code pre-configured.

[info] See https://firebase.google.com/docs/functions/organize-functions for
[info] more information on organizing your functions using codebases.

[info] Functions can be deployed with firebase deploy.

[info] +  Wrote functions/package.json 
[info] +  Wrote functions/tsconfig.json 
[info] +  Wrote functions/src/index.ts 
[info] +  Wrote functions/.gitignore 
[info] 
=== Hosting Setup
[debug] [2025-05-09T09:53:58.895Z] Checked if tokens are valid: true, expires at: 1746787980029
[debug] [2025-05-09T09:53:58.895Z] Checked if tokens are valid: true, expires at: 1746787980029
[debug] [2025-05-09T09:53:58.895Z] >>> [apiv2][query] GET https://firebase.googleapis.com/v1beta1/projects/lapas-b6315 [none]
[debug] [2025-05-09T09:53:59.255Z] <<< [apiv2][status] GET https://firebase.googleapis.com/v1beta1/projects/lapas-b6315 200
[debug] [2025-05-09T09:53:59.256Z] <<< [apiv2][body] GET https://firebase.googleapis.com/v1beta1/projects/lapas-b6315 {"projectId":"lapas-b6315","projectNumber":"1033376471525","displayName":"LAPAS","name":"projects/lapas-b6315","resources":{"hostingSite":"lapas-b6315","realtimeDatabaseInstance":"lapas-b6315-default-rtdb"},"state":"ACTIVE","etag":"1_cafa92ac-341b-4175-91f9-0254b2322ff3"}
[info] 
[info] Your public directory is the folder (relative to your project directory) that
[info] will contain Hosting assets to be uploaded with firebase deploy. If you
[info] have a build process for your assets, use your build's output directory.
[info] 
